AWS OFI NCCL Plugin v1.6.0 loaded for CUDA 12.6.1
This provides network transport ONLY - NCCL library from PyTorch
Configured for Slingshot11/CXI interconnect
CUDA 12.6.1 loaded with compatible AWS OFI NCCL plugin v1.6.0
Plugin provides network transport - NCCL library from PyTorch
Use with python/miniforge3_pytorch/2.7.0 or equivalent for best compatibility
AWS OFI NCCL Plugin v1.6.0 loaded for CUDA 12.6.1
This provides network transport ONLY - NCCL library from PyTorch
Configured for Slingshot11/CXI interconnect
CUDA 12.6.1 loaded with compatible AWS OFI NCCL plugin v1.6.0
Plugin provides network transport - NCCL library from PyTorch
Use with python/miniforge3_pytorch/2.7.0 or equivalent for best compatibility
/u/ruikez2/med_palette_2D/run.py:29: UserWarning: You have chosen to use cudnn for accleration. torch.backends.cudnn.enabled=True
  warnings.warn('You have chosen to use cudnn for accleration. torch.backends.cudnn.enabled=True')
/u/ruikez2/med_palette_2D/run.py:29: UserWarning: You have chosen to use cudnn for accleration. torch.backends.cudnn.enabled=True
  warnings.warn('You have chosen to use cudnn for accleration. torch.backends.cudnn.enabled=True')
/u/ruikez2/.conda/envs/score/lib/python3.12/site-packages/torchmetrics/utilities/prints.py:62: FutureWarning: Importing `PeakSignalNoiseRatio` from `torchmetrics` was deprecated and will be removed in 2.0. Import `PeakSignalNoiseRatio` from `torchmetrics.image` instead.
  _future_warning(
/u/ruikez2/.conda/envs/score/lib/python3.12/site-packages/torchmetrics/utilities/prints.py:62: FutureWarning: Importing `PeakSignalNoiseRatio` from `torchmetrics` was deprecated and will be removed in 2.0. Import `PeakSignalNoiseRatio` from `torchmetrics.image` instead.
  _future_warning(
/u/ruikez2/.conda/envs/score/lib/python3.12/site-packages/torchmetrics/utilities/prints.py:62: FutureWarning: Importing `StructuralSimilarityIndexMeasure` from `torchmetrics` was deprecated and will be removed in 2.0. Import `StructuralSimilarityIndexMeasure` from `torchmetrics.image` instead.
  _future_warning(
/u/ruikez2/.conda/envs/score/lib/python3.12/site-packages/torchmetrics/utilities/prints.py:62: FutureWarning: Importing `StructuralSimilarityIndexMeasure` from `torchmetrics` was deprecated and will be removed in 2.0. Import `StructuralSimilarityIndexMeasure` from `torchmetrics.image` instead.
  _future_warning(
  0%|          | 0/3000 [00:00<?, ?it/s]  0%|          | 0/3000 [00:00<?, ?it/s]/u/ruikez2/.conda/envs/score/lib/python3.12/site-packages/torchmetrics/utilities/prints.py:62: FutureWarning: Importing `PeakSignalNoiseRatio` from `torchmetrics` was deprecated and will be removed in 2.0. Import `PeakSignalNoiseRatio` from `torchmetrics.image` instead.
  _future_warning(
/u/ruikez2/.conda/envs/score/lib/python3.12/site-packages/torchmetrics/utilities/prints.py:62: FutureWarning: Importing `PeakSignalNoiseRatio` from `torchmetrics` was deprecated and will be removed in 2.0. Import `PeakSignalNoiseRatio` from `torchmetrics.image` instead.
  _future_warning(
/u/ruikez2/.conda/envs/score/lib/python3.12/site-packages/torchmetrics/utilities/prints.py:62: FutureWarning: Importing `PeakSignalNoiseRatio` from `torchmetrics` was deprecated and will be removed in 2.0. Import `PeakSignalNoiseRatio` from `torchmetrics.image` instead.
  _future_warning(
/u/ruikez2/.conda/envs/score/lib/python3.12/site-packages/torchmetrics/utilities/prints.py:62: FutureWarning: Importing `PeakSignalNoiseRatio` from `torchmetrics` was deprecated and will be removed in 2.0. Import `PeakSignalNoiseRatio` from `torchmetrics.image` instead.
  _future_warning(
/u/ruikez2/.conda/envs/score/lib/python3.12/site-packages/torchmetrics/utilities/prints.py:62: FutureWarning: Importing `PeakSignalNoiseRatio` from `torchmetrics` was deprecated and will be removed in 2.0. Import `PeakSignalNoiseRatio` from `torchmetrics.image` instead.
  _future_warning(
/u/ruikez2/.conda/envs/score/lib/python3.12/site-packages/torchmetrics/utilities/prints.py:62: FutureWarning: Importing `PeakSignalNoiseRatio` from `torchmetrics` was deprecated and will be removed in 2.0. Import `PeakSignalNoiseRatio` from `torchmetrics.image` instead.
  _future_warning(
/u/ruikez2/.conda/envs/score/lib/python3.12/site-packages/torchmetrics/utilities/prints.py:62: FutureWarning: Importing `PeakSignalNoiseRatio` from `torchmetrics` was deprecated and will be removed in 2.0. Import `PeakSignalNoiseRatio` from `torchmetrics.image` instead.
  _future_warning(
/u/ruikez2/.conda/envs/score/lib/python3.12/site-packages/torchmetrics/utilities/prints.py:62: FutureWarning: Importing `PeakSignalNoiseRatio` from `torchmetrics` was deprecated and will be removed in 2.0. Import `PeakSignalNoiseRatio` from `torchmetrics.image` instead.
  _future_warning(
/u/ruikez2/.conda/envs/score/lib/python3.12/site-packages/torchmetrics/utilities/prints.py:62: FutureWarning: Importing `PeakSignalNoiseRatio` from `torchmetrics` was deprecated and will be removed in 2.0. Import `PeakSignalNoiseRatio` from `torchmetrics.image` instead.
  _future_warning(
/u/ruikez2/.conda/envs/score/lib/python3.12/site-packages/torchmetrics/utilities/prints.py:62: FutureWarning: Importing `PeakSignalNoiseRatio` from `torchmetrics` was deprecated and will be removed in 2.0. Import `PeakSignalNoiseRatio` from `torchmetrics.image` instead.
  _future_warning(
/u/ruikez2/.conda/envs/score/lib/python3.12/site-packages/torchmetrics/utilities/prints.py:62: FutureWarning: Importing `PeakSignalNoiseRatio` from `torchmetrics` was deprecated and will be removed in 2.0. Import `PeakSignalNoiseRatio` from `torchmetrics.image` instead.
  _future_warning(
/u/ruikez2/.conda/envs/score/lib/python3.12/site-packages/torchmetrics/utilities/prints.py:62: FutureWarning: Importing `PeakSignalNoiseRatio` from `torchmetrics` was deprecated and will be removed in 2.0. Import `PeakSignalNoiseRatio` from `torchmetrics.image` instead.
  _future_warning(
/u/ruikez2/.conda/envs/score/lib/python3.12/site-packages/torchmetrics/utilities/prints.py:62: FutureWarning: Importing `PeakSignalNoiseRatio` from `torchmetrics` was deprecated and will be removed in 2.0. Import `PeakSignalNoiseRatio` from `torchmetrics.image` instead.
  _future_warning(
/u/ruikez2/.conda/envs/score/lib/python3.12/site-packages/torchmetrics/utilities/prints.py:62: FutureWarning: Importing `PeakSignalNoiseRatio` from `torchmetrics` was deprecated and will be removed in 2.0. Import `PeakSignalNoiseRatio` from `torchmetrics.image` instead.
  _future_warning(
/u/ruikez2/.conda/envs/score/lib/python3.12/site-packages/torchmetrics/utilities/prints.py:62: FutureWarning: Importing `PeakSignalNoiseRatio` from `torchmetrics` was deprecated and will be removed in 2.0. Import `PeakSignalNoiseRatio` from `torchmetrics.image` instead.
  _future_warning(
/u/ruikez2/.conda/envs/score/lib/python3.12/site-packages/torchmetrics/utilities/prints.py:62: FutureWarning: Importing `PeakSignalNoiseRatio` from `torchmetrics` was deprecated and will be removed in 2.0. Import `PeakSignalNoiseRatio` from `torchmetrics.image` instead.
  _future_warning(
/u/ruikez2/.conda/envs/score/lib/python3.12/site-packages/torchmetrics/utilities/prints.py:62: FutureWarning: Importing `StructuralSimilarityIndexMeasure` from `torchmetrics` was deprecated and will be removed in 2.0. Import `StructuralSimilarityIndexMeasure` from `torchmetrics.image` instead.
  _future_warning(
/u/ruikez2/.conda/envs/score/lib/python3.12/site-packages/torchmetrics/utilities/prints.py:62: FutureWarning: Importing `StructuralSimilarityIndexMeasure` from `torchmetrics` was deprecated and will be removed in 2.0. Import `StructuralSimilarityIndexMeasure` from `torchmetrics.image` instead.
  _future_warning(
/u/ruikez2/.conda/envs/score/lib/python3.12/site-packages/torchmetrics/utilities/prints.py:62: FutureWarning: Importing `StructuralSimilarityIndexMeasure` from `torchmetrics` was deprecated and will be removed in 2.0. Import `StructuralSimilarityIndexMeasure` from `torchmetrics.image` instead.
  _future_warning(
/u/ruikez2/.conda/envs/score/lib/python3.12/site-packages/torchmetrics/utilities/prints.py:62: FutureWarning: Importing `StructuralSimilarityIndexMeasure` from `torchmetrics` was deprecated and will be removed in 2.0. Import `StructuralSimilarityIndexMeasure` from `torchmetrics.image` instead.
  _future_warning(
/u/ruikez2/.conda/envs/score/lib/python3.12/site-packages/torchmetrics/utilities/prints.py:62: FutureWarning: Importing `StructuralSimilarityIndexMeasure` from `torchmetrics` was deprecated and will be removed in 2.0. Import `StructuralSimilarityIndexMeasure` from `torchmetrics.image` instead.
  _future_warning(
/u/ruikez2/.conda/envs/score/lib/python3.12/site-packages/torchmetrics/utilities/prints.py:62: FutureWarning: Importing `StructuralSimilarityIndexMeasure` from `torchmetrics` was deprecated and will be removed in 2.0. Import `StructuralSimilarityIndexMeasure` from `torchmetrics.image` instead.
  _future_warning(
/u/ruikez2/.conda/envs/score/lib/python3.12/site-packages/torchmetrics/utilities/prints.py:62: FutureWarning: Importing `StructuralSimilarityIndexMeasure` from `torchmetrics` was deprecated and will be removed in 2.0. Import `StructuralSimilarityIndexMeasure` from `torchmetrics.image` instead.
  _future_warning(
/u/ruikez2/.conda/envs/score/lib/python3.12/site-packages/torchmetrics/utilities/prints.py:62: FutureWarning: Importing `StructuralSimilarityIndexMeasure` from `torchmetrics` was deprecated and will be removed in 2.0. Import `StructuralSimilarityIndexMeasure` from `torchmetrics.image` instead.
  _future_warning(
/u/ruikez2/.conda/envs/score/lib/python3.12/site-packages/torchmetrics/utilities/prints.py:62: FutureWarning: Importing `StructuralSimilarityIndexMeasure` from `torchmetrics` was deprecated and will be removed in 2.0. Import `StructuralSimilarityIndexMeasure` from `torchmetrics.image` instead.
  _future_warning(
/u/ruikez2/.conda/envs/score/lib/python3.12/site-packages/torchmetrics/utilities/prints.py:62: FutureWarning: Importing `StructuralSimilarityIndexMeasure` from `torchmetrics` was deprecated and will be removed in 2.0. Import `StructuralSimilarityIndexMeasure` from `torchmetrics.image` instead.
  _future_warning(
/u/ruikez2/.conda/envs/score/lib/python3.12/site-packages/torchmetrics/utilities/prints.py:62: FutureWarning: Importing `StructuralSimilarityIndexMeasure` from `torchmetrics` was deprecated and will be removed in 2.0. Import `StructuralSimilarityIndexMeasure` from `torchmetrics.image` instead.
  _future_warning(
/u/ruikez2/.conda/envs/score/lib/python3.12/site-packages/torchmetrics/utilities/prints.py:62: FutureWarning: Importing `StructuralSimilarityIndexMeasure` from `torchmetrics` was deprecated and will be removed in 2.0. Import `StructuralSimilarityIndexMeasure` from `torchmetrics.image` instead.
  _future_warning(
/u/ruikez2/.conda/envs/score/lib/python3.12/site-packages/torchmetrics/utilities/prints.py:62: FutureWarning: Importing `StructuralSimilarityIndexMeasure` from `torchmetrics` was deprecated and will be removed in 2.0. Import `StructuralSimilarityIndexMeasure` from `torchmetrics.image` instead.
  _future_warning(
/u/ruikez2/.conda/envs/score/lib/python3.12/site-packages/torchmetrics/utilities/prints.py:62: FutureWarning: Importing `StructuralSimilarityIndexMeasure` from `torchmetrics` was deprecated and will be removed in 2.0. Import `StructuralSimilarityIndexMeasure` from `torchmetrics.image` instead.
  _future_warning(
/u/ruikez2/.conda/envs/score/lib/python3.12/site-packages/torchmetrics/utilities/prints.py:62: FutureWarning: Importing `StructuralSimilarityIndexMeasure` from `torchmetrics` was deprecated and will be removed in 2.0. Import `StructuralSimilarityIndexMeasure` from `torchmetrics.image` instead.
  _future_warning(
/u/ruikez2/.conda/envs/score/lib/python3.12/site-packages/torchmetrics/utilities/prints.py:62: FutureWarning: Importing `StructuralSimilarityIndexMeasure` from `torchmetrics` was deprecated and will be removed in 2.0. Import `StructuralSimilarityIndexMeasure` from `torchmetrics.image` instead.
  _future_warning(
  0%|          | 0/3000 [00:07<?, ?it/s]
  0%|          | 0/3000 [00:07<?, ?it/s]
[rank0]:[W128 23:00:49.710401301 ProcessGroupNCCL.cpp:1476] Warning: WARNING: destroy_process_group() was not called before program exit, which can leak resources. For more info, please see https://pytorch.org/docs/stable/distributed.html#shutdown (function operator())
W0128 23:00:50.823000 1275911 site-packages/torch/multiprocessing/spawn.py:169] Terminating process 1275929 via signal SIGTERM
Traceback (most recent call last):
  File "/u/ruikez2/med_palette_2D/run.py", line 95, in <module>
    mp.spawn(main_worker, nprocs=ngpus_per_node, args=(ngpus_per_node, opt))
  File "/u/ruikez2/.conda/envs/score/lib/python3.12/site-packages/torch/multiprocessing/spawn.py", line 340, in spawn
    return start_processes(fn, args, nprocs, join, daemon, start_method="spawn")
           ^^^^^^^^^^^^^^^^^^^^^^^^^^^^^^^^^^^^^^^^^^^^^^^^^^^^^^^^^^^^^^^^^^^^^
  File "/u/ruikez2/.conda/envs/score/lib/python3.12/site-packages/torch/multiprocessing/spawn.py", line 296, in start_processes
    while not context.join():
              ^^^^^^^^^^^^^^
  File "/u/ruikez2/.conda/envs/score/lib/python3.12/site-packages/torch/multiprocessing/spawn.py", line 215, in join
    raise ProcessRaisedException(msg, error_index, failed_process.pid)
torch.multiprocessing.spawn.ProcessRaisedException: 

-- Process 0 terminated with the following error:
Traceback (most recent call last):
  File "/u/ruikez2/.conda/envs/score/lib/python3.12/site-packages/torch/multiprocessing/spawn.py", line 90, in _wrap
    fn(i, *args)
  File "/u/ruikez2/med_palette_2D/run.py", line 62, in main_worker
    model.train()
  File "/u/ruikez2/med_palette_2D/core/base_model.py", line 45, in train
    train_log = self.train_step()
                ^^^^^^^^^^^^^^^^^
  File "/u/ruikez2/med_palette_2D/models/model.py", line 128, in train_step
    for train_data in tqdm.tqdm(self.phase_loader):
                      ^^^^^^^^^^^^^^^^^^^^^^^^^^^^
  File "/u/ruikez2/.conda/envs/score/lib/python3.12/site-packages/tqdm/std.py", line 1181, in __iter__
    for obj in iterable:
               ^^^^^^^^
  File "/u/ruikez2/.conda/envs/score/lib/python3.12/site-packages/torch/utils/data/dataloader.py", line 732, in __next__
    data = self._next_data()
           ^^^^^^^^^^^^^^^^^
  File "/u/ruikez2/.conda/envs/score/lib/python3.12/site-packages/torch/utils/data/dataloader.py", line 1514, in _next_data
    return self._process_data(data, worker_id)
           ^^^^^^^^^^^^^^^^^^^^^^^^^^^^^^^^^^^
  File "/u/ruikez2/.conda/envs/score/lib/python3.12/site-packages/torch/utils/data/dataloader.py", line 1549, in _process_data
    data.reraise()
  File "/u/ruikez2/.conda/envs/score/lib/python3.12/site-packages/torch/_utils.py", line 737, in reraise
    raise exception
OSError: Caught OSError in DataLoader worker process 0.
Original Traceback (most recent call last):
  File "/u/ruikez2/.conda/envs/score/lib/python3.12/site-packages/numpy/lib/_npyio_impl.py", line 795, in _savez
    with zipf.open(fname, 'w', force_zip64=True) as fid:
         ^^^^^^^^^^^^^^^^^^^^^^^^^^^^^^^^^^^^^^^
  File "/u/ruikez2/.conda/envs/score/lib/python3.12/zipfile/__init__.py", line 1254, in close
    self._fileobj.seek(self._zinfo.header_offset)
OSError: [Errno 122] Disk quota exceeded

During handling of the above exception, another exception occurred:

Traceback (most recent call last):
  File "/u/ruikez2/.conda/envs/score/lib/python3.12/zipfile/__init__.py", line 1957, in close
    self.fp.seek(self.start_dir)
OSError: [Errno 122] Disk quota exceeded

During handling of the above exception, another exception occurred:

Traceback (most recent call last):
  File "/u/ruikez2/.conda/envs/score/lib/python3.12/site-packages/torch/utils/data/_utils/worker.py", line 349, in _worker_loop
    data = fetcher.fetch(index)  # type: ignore[possibly-undefined]
           ^^^^^^^^^^^^^^^^^^^^
  File "/u/ruikez2/.conda/envs/score/lib/python3.12/site-packages/torch/utils/data/_utils/fetch.py", line 52, in fetch
    data = [self.dataset[idx] for idx in possibly_batched_index]
            ~~~~~~~~~~~~^^^^^
  File "/u/ruikez2/med_palette_2D/data/dataset.py", line 222, in __getitem__
    np.savez(cache_name_input, data=cond_image)
  File "/u/ruikez2/.conda/envs/score/lib/python3.12/site-packages/numpy/lib/_npyio_impl.py", line 683, in savez
    _savez(file, args, kwds, False, allow_pickle=allow_pickle)
  File "/u/ruikez2/.conda/envs/score/lib/python3.12/site-packages/numpy/lib/_npyio_impl.py", line 800, in _savez
    zipf.close()
  File "/u/ruikez2/.conda/envs/score/lib/python3.12/zipfile/__init__.py", line 1962, in close
    self._fpclose(fp)
  File "/u/ruikez2/.conda/envs/score/lib/python3.12/zipfile/__init__.py", line 2062, in _fpclose
    fp.close()
OSError: [Errno 122] Disk quota exceeded


